<?xml version="1.0" encoding="UTF-8"?>
<!-- Generated by org.testng.reporters.JUnitReportReporter -->
<testsuite skipped="0" hostname="Naresh" name="com.len.workspace.ws.Facebook" tests="1" failures="0" timestamp="2021-04-22T07:17:29 IST" time="0.009" errors="0">
  <testcase name="login" time="0.009" classname="com.len.workspace.ws.Facebook"/>
  <system-out/>
</testsuite> <!-- com.len.workspace.ws.Facebook -->
