<?xml version="1.0" encoding="UTF-8"?>
<!-- Generated by org.testng.reporters.JUnitReportReporter -->
<testsuite skipped="0" hostname="Naresh" name="com.len.workspace.ws.Test_Facebook" tests="1" failures="0" timestamp="2021-04-29T13:05:49 IST" time="19.219" errors="0">
  <testcase name="login" time="19.219" classname="com.len.workspace.ws.Test_Facebook"/>
  <system-out/>
</testsuite> <!-- com.len.workspace.ws.Test_Facebook -->
